<?xml version="1.0" encoding="UTF-8"?>
<testng-results skipped="0" failed="0" total="1" passed="1">
  <reporter-output>
  </reporter-output>
  <suite name="Command line suite" duration-ms="84844" started-at="2018-01-09T07:58:01Z" finished-at="2018-01-09T07:59:25Z">
    <groups>
    </groups>
    <test name="Command line test" duration-ms="84844" started-at="2018-01-09T07:58:01Z" finished-at="2018-01-09T07:59:25Z">
      <class name="com.hmh.magic.testscript.TestScript">
        <test-method status="PASS" signature="startReport()[pri:0, instance:com.hmh.magic.testscript.TestScript@31c88ec8]" name="startReport" is-config="true" duration-ms="224" started-at="2018-01-09T13:28:01Z" finished-at="2018-01-09T13:28:01Z">
          <reporter-output>
          </reporter-output>
        </test-method> <!-- startReport -->
        <test-method status="PASS" signature="initialize()[pri:0, instance:com.hmh.magic.testscript.TestScript@31c88ec8]" name="initialize" is-config="true" duration-ms="3752" started-at="2018-01-09T13:28:01Z" finished-at="2018-01-09T13:28:05Z">
          <reporter-output>
          </reporter-output>
        </test-method> <!-- initialize -->
        <test-method status="PASS" signature="PMTScript()[pri:1, instance:com.hmh.magic.testscript.TestScript@31c88ec8]" name="PMTScript" duration-ms="79852" started-at="2018-01-09T13:28:05Z" finished-at="2018-01-09T13:29:24Z">
          <reporter-output>
          </reporter-output>
        </test-method> <!-- PMTScript -->
        <test-method status="PASS" signature="getResult(org.testng.ITestResult)[pri:0, instance:com.hmh.magic.testscript.TestScript@31c88ec8]" name="getResult" is-config="true" duration-ms="1" started-at="2018-01-09T13:29:24Z" finished-at="2018-01-09T13:29:24Z">
          <params>
            <param index="0">
              <value>
                <![CDATA[[TestResult name=PMTScript status=SUCCESS method=TestScript.PMTScript()[pri:1, instance:com.hmh.magic.testscript.TestScript@31c88ec8] output={null}]]]>
              </value>
            </param>
          </params>
          <reporter-output>
          </reporter-output>
        </test-method> <!-- getResult -->
        <test-method status="PASS" signature="tearDown()[pri:0, instance:com.hmh.magic.testscript.TestScript@31c88ec8]" name="tearDown" is-config="true" duration-ms="1009" started-at="2018-01-09T13:29:24Z" finished-at="2018-01-09T13:29:25Z">
          <reporter-output>
          </reporter-output>
        </test-method> <!-- tearDown -->
      </class> <!-- com.hmh.magic.testscript.TestScript -->
    </test> <!-- Command line test -->
  </suite> <!-- Command line suite -->
</testng-results>
